(---------------------------------------------------------------------)
(                                                                     )
(    QUICKPLACE LOG                                                   )
(                                                                     )
(    Drawing          : remotepanasonicDB9.brd                        )
(    Software Version : 16.6P004                                      )
(    Date/Time        : Mon Dec 14 23:43:03 2015                      )
(                                                                     )
(---------------------------------------------------------------------)


State: Placing on layer TOP

         Placed symbol:  Q2 / NPN_3_SOT23_B_2N7002LT1 / SOT23_B at (63.00 2425.00)
         Placed symbol:  Q6 / NPN_3_SOT23_B_2N7002LT1 / SOT23_B at (182.00 2425.00)
         Placed symbol:  Q5 / NPN_3_SOT23_B_2N7002LT1 / SOT23_B at (301.00 2425.00)
         Placed symbol:  Q4 / NPN_3_SOT23_B_2N7002LT1 / SOT23_B at (420.00 2425.00)
         Placed symbol:  Q3 / NPN_3_SOT23_B_2N7002LT1 / SOT23_B at (539.00 2425.00)
         Placed symbol:  Q8 / NPN_3_SOT23_B_2N7002LT1 / SOT23_B at (658.00 2425.00)
         Placed symbol:  Q1 / NPN_3_SOT23_B_2N7002LT1 / SOT23_B at (777.00 2425.00)
         Placed symbol:  Q7 / NPN_3_SOT23_B_2N7002LT1 / SOT23_B at (896.00 2425.00)
         Placed symbol:  C3 / CAPACITOR NON-POL_0805_10U / 0805 at (1034.50 2393.00)
         Placed symbol:  C8 / CAPACITOR NON-POL_0805_10U / 0805 at (1192.50 2393.00)
         Placed symbol:  C4 / CAP NP_0805_10U / 0805 at (1350.50 2393.00)
         Placed symbol:  L1 / R_0805_IND_MOLDED / 0805 at (1508.50 2393.00)
         Placed symbol:  C9 / CAPACITOR NON-POL_0805_0.1U / 0805 at (1666.50 2393.00)
         Placed symbol:  C11 / CAPACITOR NON-POL_0805_0.1U / 0805 at (1824.50 2393.00)
         Placed symbol:  C10 / CAPACITOR NON-POL_0805_0.1U / 0805 at (1982.50 2393.00)
         Placed symbol:  C7 / CAPACITOR NON-POL_0805_20P / 0805 at (2140.50 2393.00)
         Placed symbol:  C6 / CAPACITOR NON-POL_0805_20P / 0805 at (2298.50 2393.00)
         Placed symbol:  C5 / CAP NP_0805_22U / 0805 at (2456.50 2393.00)
         Placed symbol:  C2 / CAPACITOR NON-POL_0805_20P / 0805 at (2614.50 2393.00)
         Placed symbol:  C1 / CAPACITOR NON-POL_0805_20P / 0805 at (2772.50 2393.00)
         Placed symbol:  R1 / R_0805_33 / 0805 at (2930.50 2393.00)
         Placed symbol:  R10 / R_0805_100 / 0805 at (3088.50 2393.00)
         Placed symbol:  R27 / R_0805_100 / 0805 at (3246.50 2393.00)
         Placed symbol:  R31 / R_0805_100 / 0805 at (3404.50 2393.00)
         Placed symbol:  R9 / R_0805_100 / 0805 at (82.50 2524.00)
         Placed symbol:  R11 / R_0805_10K / 0805 at (240.50 2524.00)
         Placed symbol:  R14 / R_0805_10K / 0805 at (398.50 2524.00)
         Placed symbol:  R18 / R_0805_10K / 0805 at (556.50 2524.00)
         Placed symbol:  R29 / R_0805_10K / 0805 at (714.50 2524.00)
         Placed symbol:  R3 / R_0805_10K / 0805 at (872.50 2524.00)
         Placed symbol:  R30 / R_0805_10K / 0805 at (1030.50 2524.00)
         Placed symbol:  R8 / R_0805_10K / 0805 at (1188.50 2524.00)
         Placed symbol:  R12 / RES1_0805_330 / 0805 at (1346.50 2524.00)
         Placed symbol:  R16 / RES1_0805_330 / 0805 at (1504.50 2524.00)
         Placed symbol:  R36 / RES1_0805_330 / 0805 at (1662.50 2524.00)
         Placed symbol:  R37 / RES1_0805_330 / 0805 at (1820.50 2524.00)
         Placed symbol:  R38 / RES1_0805_330 / 0805 at (1978.50 2524.00)
         Placed symbol:  R13 / R_0805_4.7K / 0805 at (2136.50 2524.00)
         Placed symbol:  R17 / R_0805_4.7K / 0805 at (2294.50 2524.00)
         Placed symbol:  R25 / R_0805_4.7K / 0805 at (2452.50 2524.00)
         Placed symbol:  R26 / R_0805_4.7K / 0805 at (2610.50 2524.00)
         Placed symbol:  R28 / R_0805_4.7K / 0805 at (2768.50 2524.00)
         Placed symbol:  R7 / R_0805_4.7K / 0805 at (2926.50 2524.00)
         Placed symbol:  R15 / R_0805_15K / 0805 at (3084.50 2524.00)
         Placed symbol:  R19 / R_0805_15K / 0805 at (3242.50 2524.00)
         Placed symbol:  R2 / R_0805_1M / 0805 at (3400.50 2524.00)
         Placed symbol:  R32 / R_0805_22 / 0805 at (82.50 2582.00)
         Placed symbol:  R33 / R_0805_22 / 0805 at (240.50 2582.00)
         Placed symbol:  R5 / R_0805_22 / 0805 at (398.50 2582.00)
         Placed symbol:  R6 / R_0805_22 / 0805 at (556.50 2582.00)
         Placed symbol:  R34 / R_0805_0 / 0805 at (714.50 2582.00)
         Placed symbol:  R35 / R_0805_0 / 0805 at (872.50 2582.00)
         Placed symbol:  R4 / R_0805_10M / 0805 at (1030.50 2582.00)


Placed 53 of 53 applicable (53 total) symbols.

-----------------------------------------------------------------------

